<?xml version="1.0" encoding="UTF-8"?>
<testng-results ignored="0" total="1" passed="1" failed="0" skipped="0">
  <reporter-output>
  </reporter-output>
  <suite started-at="2024-11-03T17:10:33 IST" name="Suite" finished-at="2024-11-03T17:10:41 IST" duration-ms="8105">
    <groups>
    </groups>
    <test started-at="2024-11-03T17:10:33 IST" name="Test" finished-at="2024-11-03T17:10:41 IST" duration-ms="8105">
      <class name="testCases.TC_001_LoginTest">
        <test-method is-config="true" signature="browserSetUp(java.lang.String)[pri:0, instance:testCases.TC_001_LoginTest@7f0eb4b4]" started-at="2024-11-03T17:10:34 IST" name="browserSetUp" finished-at="2024-11-03T17:10:40 IST" duration-ms="5884" status="PASS">
          <params>
            <param index="0">
              <value>
                <![CDATA[chrome]]>
              </value>
            </param>
          </params>
          <reporter-output>
          </reporter-output>
        </test-method> <!-- browserSetUp -->
        <test-method signature="testLogin()[pri:0, instance:testCases.TC_001_LoginTest@7f0eb4b4]" started-at="2024-11-03T17:10:40 IST" name="testLogin" finished-at="2024-11-03T17:10:41 IST" duration-ms="1821" status="PASS">
          <reporter-output>
          </reporter-output>
        </test-method> <!-- testLogin -->
      </class> <!-- testCases.TC_001_LoginTest -->
    </test> <!-- Test -->
  </suite> <!-- Suite -->
</testng-results>
